SESSION RUNNING..... 
LAST_INTENT ->/
SESSION RUNNING..... 
SESSION RUNNING..... 
SESSION RUNNING..... 
SESSION RUNNING..... 
LAST_INTENT ->/about
SESSION RUNNING..... 
SESSION RUNNING..... 
SESSION RUNNING..... 
SESSION RUNNING..... 
Captcha:  TNBpfMin
SESSION RUNNING..... 
SESSION RUNNING..... 
SESSION RUNNING..... 
SESSION RUNNING..... 
SESSION RUNNING..... 
SESSION RUNNING..... 
SESSION RUNNING..... 
SESSION RUNNING..... 
SESSION RUNNING..... 
SESSION RUNNING..... 
LAST_INTENT ->/about
SESSION RUNNING..... 
SESSION RUNNING..... 
SESSION RUNNING..... 
SESSION RUNNING..... 
SESSION RUNNING..... 
LAST_INTENT ->/about
SESSION RUNNING..... 
SESSION RUNNING..... 
SESSION RUNNING..... 
SESSION RUNNING..... 
SESSION RUNNING..... 
LAST_INTENT ->/about
SESSION RUNNING..... 
SESSION RUNNING..... 
SESSION RUNNING..... 
SESSION RUNNING..... 
SESSION RUNNING..... 
LAST_INTENT ->/about
SESSION RUNNING..... 
SESSION RUNNING..... 
SESSION RUNNING..... 
SESSION RUNNING..... 
LAST_INTENT ->/
SESSION RUNNING..... 
SESSION RUNNING..... 
SESSION RUNNING..... 
[@] SESSION STARTED: Lang [ en ] at [ 1653339518 ]
Identifier John Doe -> e15ac06468a6df3e4efbb6d8160677b7
LAST_INTENT ->/
LAST_INTENT ->/
LAST_INTENT ->/
Captcha:  YdWHaulF
Captcha:  pUjRlzWF
Captcha:  DdQYnIrZ
Captcha:  kwPCZDuq
Captcha:  ksvTJNXe
Captcha:  WwmfYkGc
Captcha:  BPVAFDwN
Captcha:  QACZfMFW
Captcha:  hwZcfLtH
Captcha:  YPStoCqF
Captcha:  AfIjphrk
Captcha:  rhUidvxJ
Captcha:  oGAJPdIR
Captcha:  CgQAIXMD
Captcha:  wWZhTfXN
Captcha:  niXmdQAG
Captcha:  UPjLQlBK
Captcha:  EHpsRAUe
Captcha:  wrYuZJvK
Captcha:  qEMpPYdl
Captcha:  AnaGFltx
Captcha:  oFCfwPqE
Captcha:  rdEXknLl
Captcha:  uoGSUjBa
Captcha:  RQkcOups
Captcha:  aVcGhOBx
Captcha:  cpRShKwH
Captcha:  HwohRyeU
Captcha:  SuHpVOgt
Captcha:  lXMiOCbn
Captcha:  PQcxgdRX
Captcha:  zPOjNZpI
Captcha:  IWHxTmUE
Captcha:  hpCjNdrW
Captcha:  WOzLPTrF
Captcha:  lIskaTVL
Captcha:  uvAZSVny
Captcha:  qwfdzhrp
Captcha:  ZwfNtSPk
Captcha:  TySHliQP
Captcha:  saJZnFMK
Captcha:  rPGpZYmR
Captcha:  UGKjORLM
Captcha:  YXrFbPCH
Captcha:  HhXVSapP
Captcha:  fWkIulVb
Captcha:  IGYxTQMV
Captcha:  QNAesnTS
Captcha:  WfjwODHT
Captcha:  rzBDJgRP
Captcha:  dgQEVHRo
Captcha:  FQilLZkj
Captcha:  DgGJxQZB
Captcha:  WrEGbiuZ
Captcha:  yhgNUzdF
Captcha:  THPyZNWS
Captcha:  SousBgac
Captcha:  tYLVcgDZ
Captcha:  hWIbQnfT
Captcha:  FkQNxaMS
Captcha:  xuBVnNSW
Captcha:  WAhXgtYc
Captcha:  dXzVCRym
Captcha:  jRZLufCY
Captcha:  bANnzaiP
Captcha:  kMLiKnlE
Captcha:  RrVkqLlv
Captcha:  HOpzDRWt
Captcha:  hLQmJIlj
Captcha:  gSiJmLcq
Captcha:  HzVTRKfk
Captcha:  uIXvlfRL
Captcha:  DgaKMVxq
Captcha:  CPsDXEBN
Captcha:  TbdlBvGe
Captcha:  gLnOiWdt
Captcha:  PDEJwOtH
Captcha:  GHRCJIuk
Captcha:  aLhgZxvn
Captcha:  itMalCJs
Captcha:  wWrnRJSC
Captcha:  nvZdtACW
Captcha:  gaRlfYsp
Captcha:  SsXzdxgW
Captcha:  hZKlpiCT
Captcha:  NoqzyKOk
Captcha:  lcvBXAno
Captcha:  eRlHAKCj
Captcha:  zJExTXLH
Captcha:  uBWyeYvi
Captcha:  PGoCHeWw
Captcha:  QlpDFKyN
Captcha:  vDKWPotq
Captcha:  tEbckPiG
Captcha:  AHUumpVQ
Captcha:  zVfbFOcx
Captcha:  uKFOVckz
Captcha:  xTakQpMw
Captcha:  MHBpyQmg
Captcha:  UsLnPCbv
Captcha:  ViRsEPyc
Captcha:  jKNSEgbh
Captcha:  sFroXJvd
Captcha:  ixEnXuPH
Captcha:  xpoWvfaM
Captcha:  sRPWkAHV
Captcha:  tKmiVHkB
Captcha:  PgYclHOI
Captcha:  qERUQSft
Captcha:  jGufDkTU
Captcha:  rOhvEcdP
Captcha:  NjxdkFPa
Captcha:  CoUXLiba
Captcha:  AxOdsVuW
Captcha:  QyuUswDv
Captcha:  PEdSLDWs
Captcha:  JrYCZHca
Captcha:  KEGenXPQ
Captcha:  vWlcgQdh
Captcha:  RzEwcYjP
Captcha:  UJZnYeHM
Captcha:  ZswVjnkf
Captcha:  ZluDiNvI
Captcha:  PjyBvxNo
Captcha:  uGvbDjqA
Captcha:  QnVHeOxJ
Captcha:  LZFtcoqk
Captcha:  tVUKDGFP
Captcha:  VLwtoOqZ
Captcha:  tZQVhCYK
Captcha:  FxXZWDzO
Captcha:  JWNjmdas
Captcha:  LsfPWjav
Captcha:  sqAQNCHF
Captcha:  xnayGNHz
Captcha:  mcLJDlvP
Captcha:  tVxHhOnF
Captcha:  nzYxZCQc
Captcha:  caFTlPRQ
Captcha:  xlCANGDW
Captcha:  POEAkTFM
Captcha:  gXONlFet
Captcha:  orKaUZpv
Captcha:  KVkJqwan
Captcha:  BznGivfW
Captcha:  lGuzXrWB
Captcha:  vRelXfQi
Captcha:  FcrAefvQ
Captcha:  LCyEpouw
Captcha:  lnzqWaeR
Captcha:  grSzGZQK
Captcha:  VEdkHGch
Captcha:  qEVfdBYA
Captcha:  qmuJybXF
Captcha:  GvAestrR
Captcha:  myqLDhWx
Captcha:  BcEeymSQ
Captcha:  zJwqmsBS
Captcha:  LvJkVUcF
Captcha:  IjpTyDUQ
Captcha:  yLeRBDCQ
Captcha:  UKnlhGmy
Captcha:  lupxNcrv
Captcha:  jmqEJlTv
Captcha:  uoYcTHMl
Captcha:  OLtoeUjZ
Captcha:  ikcvbOpC
Captcha:  fezKQpIn
Captcha:  SwtYmMeG
[@] SESSION STARTED: Lang [ en ] at [ 1653346832 ]
LAST_INTENT ->/
LAST_INTENT ->/about
Captcha:  CBwDSLVk
LAST_INTENT ->/about
LAST_INTENT ->/about
LAST_INTENT ->/about
LAST_INTENT ->/
LAST_INTENT ->/
LAST_INTENT ->/
Captcha:  MLwGIHUb
[@] SESSION STARTED: Lang [ en ] at [ 1653347329 ]
LAST_INTENT ->/
LAST_INTENT ->/
Captcha:  ykDbtGwp
[@] SESSION STARTED: Lang [ en ] at [ 1653347474 ]
LAST_INTENT ->/
LAST_INTENT ->/
Captcha:  DIjzbZJF
[@] SESSION STARTED: Lang [ en ] at [ 1653349405 ]
LAST_INTENT ->/
User Authenticated
user preferred Language pt
session Active Language pt
LAST_INTENT ->/
LAST_INTENT ->/
LAST_INTENT ->/
Start Closing Session....
End of Session
Session Closed
[@] SESSION STARTED: Lang [ en ] at [ 1653350057 ]
LAST_INTENT ->/
Captcha:  WJiLvxcw
Captcha:  ObZxyUhs
[@] SESSION STARTED: Lang [ en ] at [ 1653350227 ]
LAST_INTENT ->/
LAST_INTENT ->/
Captcha:  SAIwNJLg
Captcha:  ymrzoOIZ
Captcha:  oErzKRgs
Captcha:  rzaCWvTM
Captcha:  tDkEOasA
Captcha:  NoCzGxwj
Captcha:  OpZqgAxr
Captcha:  tkMCDmxp
Captcha:  alGKZMhX
Captcha:  JDUkxqXa
Captcha:  dhgWZTep
Captcha:  xzlJqpkV
Captcha:  XYbapFMz
Captcha:  GfypUZkS
Captcha:  uxXRBOLP
Captcha:  NJrlFwdg
Captcha:  QBhrHWAT
Captcha:  LFtcKZgB
Captcha:  RdEBLtsI
[@] SESSION STARTED: Lang [ en ] at [ 1653476685 ]
Identifier John Doe -> e15ac06468a6df3e4efbb6d8160677b7
LAST_INTENT ->/
LAST_INTENT ->/
LAST_INTENT ->/
LAST_INTENT ->/
LAST_INTENT ->/
[@] SESSION STARTED: Lang [ en ] at [ 1653481222 ]
LAST_INTENT ->/
LAST_INTENT ->/about
[@] SESSION STARTED: Lang [ en ] at [ 1653488670 ]
LAST_INTENT ->/
Captcha:  IXfzCDRY
LAST_INTENT ->/
Captcha:  FpDnGCmj
LAST_INTENT ->/
LAST_INTENT ->/
Captcha:  lKsDBNzo
[@] SESSION STARTED: Lang [ en ] at [ 1653489912 ]
LAST_INTENT ->/
Captcha:  YvwrGcCN
Captcha:  XIVkQPAz
[@] SESSION STARTED: Lang [ en ] at [ 1653585575 ]
Identifier John Doe -> e15ac06468a6df3e4efbb6d8160677b7
LAST_INTENT ->/
[@] SESSION STARTED: Lang [ en ] at [ 1653585671 ]
LAST_INTENT ->/
[@] SESSION STARTED: Lang [ en ] at [ 1653585740 ]
LAST_INTENT ->/
[@] SESSION STARTED: Lang [ en ] at [ 1653585776 ]
LAST_INTENT ->/
LAST_INTENT ->/
LAST_INTENT ->/
LAST_INTENT ->/
LAST_INTENT ->/
LAST_INTENT ->/
LAST_INTENT ->/
LAST_INTENT ->/
LAST_INTENT ->/
LAST_INTENT ->/about
Captcha:  KgXLIBCn
LAST_INTENT ->/
[@] SESSION STARTED: Lang [ en ] at [ 1653586162 ]
LAST_INTENT ->/
[@] SESSION STARTED: Lang [ en ] at [ 1653586174 ]
LAST_INTENT ->/
Captcha:  oXhJtKpf
[@] SESSION STARTED: Lang [ en ] at [ 1653586404 ]
LAST_INTENT ->/
Captcha:  bjoqkiXw
[@] SESSION STARTED: Lang [ en ] at [ 1653613550 ]
LAST_INTENT ->/
Captcha:  YPbpRABs
Captcha:  fMSaPjcw
[@] SESSION STARTED: Lang [ en ] at [ 1653615493 ]
LAST_INTENT ->/
[@] SESSION STARTED: Lang [ en ] at [ 1653615572 ]
[@] SESSION STARTED: Lang [ en ] at [ 1653615620 ]
[@] SESSION STARTED: Lang [ en ] at [ 1653615671 ]
[@] SESSION STARTED: Lang [ en ] at [ 1653615694 ]
[@] SESSION STARTED: Lang [ en ] at [ 1653615729 ]
[@] SESSION STARTED: Lang [ en ] at [ 1653616002 ]
LAST_INTENT ->/
[@] SESSION STARTED: Lang [ en ] at [ 1653618045 ]
LAST_INTENT ->/
LAST_INTENT ->/
[@] SESSION STARTED: Lang [ en ] at [ 1653618229 ]
[@] SESSION STARTED: Lang [ en ] at [ 1653618295 ]
[@] SESSION STARTED: Lang [ en ] at [ 1653618406 ]
[@] SESSION STARTED: Lang [ en ] at [ 1653618682 ]
[@] SESSION STARTED: Lang [ en ] at [ 1653618776 ]
[@] SESSION STARTED: Lang [ en ] at [ 1653618779 ]
[@] SESSION STARTED: Lang [ en ] at [ 1653618822 ]
[@] SESSION STARTED: Lang [ en ] at [ 1653618891 ]
[@] SESSION STARTED: Lang [ en ] at [ 1653618957 ]
LAST_INTENT ->/
LAST_INTENT ->/
Captcha:  tvBiqNCA
[@] SESSION STARTED: Lang [ en ] at [ 1653619560 ]
LAST_INTENT ->/
Captcha:  TwdBxOUk
Captcha:  jbCWLlcX
Captcha:  qwHutdsS
Captcha:  kUXLYQZK
Captcha:  sqFWCwiL
Captcha:  vEnVPJNT
[@] SESSION STARTED: Lang [ en ] at [ 1653620046 ]
LAST_INTENT ->/
Captcha:  wRYPlyEr
LAST_INTENT ->/
Captcha:  LDyNlvQk
LAST_INTENT ->/
LAST_INTENT ->/
Captcha:  ztKGYyUA
Captcha:  uAZjmhfn
Captcha:  goTwcVvJ
Captcha:  KzRfNdWq
LAST_INTENT ->/
Captcha:  gRyIriHJ
Captcha:  BuaGxnjN
Captcha:  oRXCfrgl
Captcha:  ZBPhfAFN
Captcha:  YrmDJogK
[@] SESSION STARTED: Lang [ en ] at [ 1653621586 ]
[@] SESSION STARTED: Lang [ en ] at [ 1653621650 ]
LAST_INTENT ->/
Captcha:  ykYvcLbs
Captcha:  suCRVzXo
Captcha:  rtKfRFDG
[@] SESSION STARTED: Lang [ en ] at [ 1653621849 ]
[@] SESSION STARTED: Lang [ en ] at [ 1653621862 ]
LAST_INTENT ->/
Captcha:  LQRpVvNZ
LAST_INTENT ->/
Captcha:  jWhAxvTN
Captcha:  qOMnjgxd
Captcha:  OTyMLjKt
LAST_INTENT ->/
LAST_INTENT ->/
LAST_INTENT ->/about
LAST_INTENT ->/
LAST_INTENT ->/
LAST_INTENT ->/
LAST_INTENT ->/
LAST_INTENT ->/
Captcha:  NeARWrGK
[@] SESSION STARTED: Lang [ en ] at [ 1653626049 ]
Identifier John Doe -> e15ac06468a6df3e4efbb6d8160677b7
LAST_INTENT ->/
User Authenticated
user preferred Language pt
session Active Language pt
LAST_INTENT ->/
Start Closing Session....
End of Session
Session Closed
[@] SESSION STARTED: Lang [ en ] at [ 1653626190 ]
LAST_INTENT ->/
User Authenticated
user preferred Language pt
session Active Language pt
LAST_INTENT ->/
Start Closing Session....
End of Session
Session Closed
[@] SESSION STARTED: Lang [ en ] at [ 1653626247 ]
LAST_INTENT ->/
Captcha:  nOHWsgqJ
Identifier Miguel -> bb8af1a215502ae0be3f6bc5d76af57a
User Authenticated
user preferred Language pt
session Active Language pt
LAST_INTENT ->/
Start Closing Session....
End of Session
Session Closed
[@] SESSION STARTED: Lang [ en ] at [ 1653626418 ]
LAST_INTENT ->/
LAST_INTENT ->/
User NOT Authenticated
User NOT Authenticated
User Authenticated
user preferred Language pt
session Active Language pt
SETTING COOKIE bkNTVVlSS3VQOXU5Sys4NnZnN2tHWUtoTjRpcDNZLzdqMjEvMkJVVHVaST0=::Mk12R0lHV05GN1VaY1cwM2d4bjVPUT09
LAST_INTENT ->/
Start Closing Session....
End of Session
Session Closed
[@] SESSION STARTED: Lang [ en ] at [ 1653626559 ]
LAST_INTENT ->/
RME => bkNTVVlSS3VQOXU5Sys4NnZnN2tHWUtoTjRpcDNZLzdqMjEvMkJVVHVaST0=::Mk12R0lHV05GN1VaY1cwM2d4bjVPUT09
[@] SESSION STARTED: Lang [ en ] at [ 1653626738 ]
RME => bkNTVVlSS3VQOXU5Sys4NnZnN2tHWUtoTjRpcDNZLzdqMjEvMkJVVHVaST0=::Mk12R0lHV05GN1VaY1cwM2d4bjVPUT09
User Authenticated
user preferred Language pt
session Active Language pt
Start Closing Session....
End of Session
Session Closed
[@] SESSION STARTED: Lang [ en ] at [ 1653626755 ]
